[0s] Starting LFBOTreeSearch with initial_population=FROM_BEST_AVAILABLE, copies=2, max_generations=5, similarity_penalty=1.0
[0s] Starting with default config
[0s] Initial population: 1 total
[4s] Adaptive compile timeout: 30s (90% percentile=0.1s, bounds=[30.0s, 30s])
[4s] Initial random population of 1, 1 starting points: 
ok=1
min=0.0276
mid=0.0276
max=0.0276
best={'atomic_indexing': [],
 'block_sizes': [16, 16, 16],
 'indexing': ['pointer', 'pointer', 'pointer'],
 'l2_groupings': [1],
 'load_eviction_policies': ['', ''],
 'loop_orders': [[0, 1]],
 'num_stages': 1,
 'num_warps': 4,
 'pid_type': 'flat',
 'range_flattens': [None, None],
 'range_multi_buffers': [None, None],
 'range_num_stages': [0, 0],
 'range_unroll_factors': [0, 0],
 'range_warp_specializes': []}
[4s] All labels are identical, skip training surrogate.
[4s] Generation 1 starting: 11 neighbors, 1 active search path(s)
[6s] Generation 1 complete: 
ok=13
min=0.0123
mid=0.0276
max=0.0481
best={'atomic_indexing': [],
 'block_sizes': [16, 16, 64],
 'indexing': ['pointer', 'pointer', 'pointer'],
 'l2_groupings': [1],
 'load_eviction_policies': ['last', ''],
 'loop_orders': [[0, 1]],
 'num_stages': 1,
 'num_warps': 2,
 'pid_type': 'flat',
 'range_flattens': [None, None],
 'range_multi_buffers': [None, None],
 'range_num_stages': [0, 0],
 'range_unroll_factors': [0, 0],
 'range_warp_specializes': []}
[6s] Fitting surrogate: 13 points, 13 targets
[6s] Generation 2 starting: 11 neighbors, 1 active search path(s)
[7s] Generation 2 complete: 
ok=12
min=0.0113
mid=0.0133
max=0.0215
best={'atomic_indexing': [],
 'block_sizes': [16, 16, 128],
 'indexing': ['pointer', 'pointer', 'pointer'],
 'l2_groupings': [1],
 'load_eviction_policies': ['last', ''],
 'loop_orders': [[0, 1]],
 'num_stages': 1,
 'num_warps': 1,
 'pid_type': 'flat',
 'range_flattens': [None, None],
 'range_multi_buffers': [None, None],
 'range_num_stages': [0, 0],
 'range_unroll_factors': [0, 0],
 'range_warp_specializes': []}
[7s] Fitting surrogate: 24 points, 24 targets
[8s] Generation 3 starting: 11 neighbors, 1 active search path(s)
[9s] Generation 3 complete: 
ok=12
min=0.0113
mid=0.0133
max=0.0174
best={'atomic_indexing': [],
 'block_sizes': [16, 16, 128],
 'indexing': ['pointer', 'pointer', 'pointer'],
 'l2_groupings': [1],
 'load_eviction_policies': ['last', ''],
 'loop_orders': [[0, 1]],
 'num_stages': 1,
 'num_warps': 1,
 'pid_type': 'flat',
 'range_flattens': [None, None],
 'range_multi_buffers': [None, None],
 'range_num_stages': [0, 0],
 'range_unroll_factors': [0, 0],
 'range_warp_specializes': []}
[9s] Fitting surrogate: 35 points, 35 targets
[9s] Generation 4 starting: 13 neighbors, 1 active search path(s)
[11s] Generation 4 complete: 
ok=14
min=0.0102
mid=0.0123
max=0.0195
best={'atomic_indexing': [],
 'block_sizes': [32, 16, 256],
 'indexing': ['pointer', 'pointer', 'pointer'],
 'l2_groupings': [1],
 'load_eviction_policies': ['last', 'last'],
 'loop_orders': [[0, 1]],
 'num_stages': 1,
 'num_warps': 4,
 'pid_type': 'flat',
 'range_flattens': [None, None],
 'range_multi_buffers': [None, None],
 'range_num_stages': [0, 0],
 'range_unroll_factors': [0, 0],
 'range_warp_specializes': []}
[11s] Fitting surrogate: 48 points, 48 targets
[11s] Generation 5 starting: 11 neighbors, 1 active search path(s)
[12s] Generation 5 complete: 
ok=12
min=0.0102
mid=0.0123
max=0.0143
best={'atomic_indexing': [],
 'block_sizes': [32, 16, 256],
 'indexing': ['pointer', 'pointer', 'pointer'],
 'l2_groupings': [1],
 'load_eviction_policies': ['last', 'last'],
 'loop_orders': [[0, 1]],
 'num_stages': 1,
 'num_warps': 4,
 'pid_type': 'flat',
 'range_flattens': [None, None],
 'range_multi_buffers': [None, None],
 'range_num_stages': [0, 0],
 'range_unroll_factors': [0, 0],
 'range_warp_specializes': []}
