[0s] Starting LFBOTreeSearch with initial_population=FROM_BEST_AVAILABLE, copies=2, max_generations=5, similarity_penalty=1.0
[0s] Starting with default config
[0s] Initial population: 2 total
[5s] Adaptive compile timeout: 30s (90% percentile=0.3s, bounds=[30.0s, 30s])
[5s] Initial random population of 2, 2 starting points: 
ok=2
min=0.3102
mid=0.3133
max=0.3133
best={'atomic_indexing': [],
 'block_sizes': [8],
 'indexing': ['pointer', 'pointer', 'pointer', 'block_ptr', 'pointer', 'pointer', 'pointer',
              'pointer', 'pointer', 'pointer'],
 'load_eviction_policies': ['', '', '', 'first', '', '', '', ''],
 'num_stages': 1,
 'num_warps': 8,
 'pid_type': 'flat',
 'range_flattens': [None],
 'range_multi_buffers': [None],
 'range_num_stages': [0],
 'range_unroll_factors': [0],
 'range_warp_specializes': [],
 'reduction_loops': [None]}
[5s] Fitting surrogate: 2 points, 2 targets
[5s] Generation 1 starting: 14 neighbors, 2 active search path(s)
[8s] Generation 1 complete: 
ok=16
min=0.3082
mid=0.3738
max=1.1602
best={'atomic_indexing': [],
 'block_sizes': [2],
 'indexing': ['pointer', 'pointer', 'pointer', 'block_ptr', 'pointer', 'pointer', 'pointer',
              'pointer', 'pointer', 'pointer'],
 'load_eviction_policies': ['', '', '', 'first', '', '', '', ''],
 'num_stages': 1,
 'num_warps': 32,
 'pid_type': 'flat',
 'range_flattens': [None],
 'range_multi_buffers': [None],
 'range_num_stages': [0],
 'range_unroll_factors': [0],
 'range_warp_specializes': [],
 'reduction_loops': [None]}
[8s] Fitting surrogate: 17 points, 17 targets
[8s] Generation 2 starting: 13 neighbors, 2 active search path(s)
[10s] Generation 2 complete: 
ok=15
min=0.3082
mid=0.3118
max=0.5048
best={'atomic_indexing': [],
 'block_sizes': [2],
 'indexing': ['pointer', 'pointer', 'pointer', 'block_ptr', 'pointer', 'pointer', 'pointer',
              'pointer', 'pointer', 'pointer'],
 'load_eviction_policies': ['', '', '', 'first', '', '', '', ''],
 'num_stages': 1,
 'num_warps': 32,
 'pid_type': 'flat',
 'range_flattens': [None],
 'range_multi_buffers': [None],
 'range_num_stages': [0],
 'range_unroll_factors': [0],
 'range_warp_specializes': [],
 'reduction_loops': [None]}
[10s] Fitting surrogate: 31 points, 31 targets
[11s] Generation 3 starting: 22 neighbors, 2 active search path(s)
[13s] Generation 3 complete: 
ok=24
min=0.3011
mid=0.3082
max=0.3154
best={'atomic_indexing': [],
 'block_sizes': [1],
 'indexing': ['pointer', 'pointer', 'pointer', 'block_ptr', 'pointer', 'pointer', 'block_ptr',
              'pointer', 'pointer', 'pointer'],
 'load_eviction_policies': ['', '', '', 'first', '', '', '', ''],
 'num_stages': 1,
 'num_warps': 32,
 'pid_type': 'flat',
 'range_flattens': [None],
 'range_multi_buffers': [None],
 'range_num_stages': [0],
 'range_unroll_factors': [0],
 'range_warp_specializes': [],
 'reduction_loops': [None]}
[13s] Fitting surrogate: 53 points, 53 targets
[14s] Generation 4 starting: 25 neighbors, 2 active search path(s)
[17s] Generation 4 complete: 
ok=27
min=0.3000
mid=0.3082
max=0.4045
best={'atomic_indexing': [],
 'block_sizes': [1],
 'indexing': ['block_ptr', 'pointer', 'pointer', 'block_ptr', 'pointer', 'pointer', 'block_ptr',
              'pointer', 'pointer', 'pointer'],
 'load_eviction_policies': ['', '', '', 'first', '', '', '', ''],
 'num_stages': 1,
 'num_warps': 32,
 'pid_type': 'flat',
 'range_flattens': [None],
 'range_multi_buffers': [None],
 'range_num_stages': [0],
 'range_unroll_factors': [0],
 'range_warp_specializes': [],
 'reduction_loops': [None]}
[17s] Fitting surrogate: 79 points, 79 targets
[17s] Generation 5 starting: 31 neighbors, 2 active search path(s)
[20s] Generation 5 complete: 
ok=33
min=0.2990
mid=0.3000
max=0.3275
best={'atomic_indexing': [],
 'block_sizes': [1],
 'indexing': ['block_ptr', 'pointer', 'pointer', 'pointer', 'pointer', 'pointer', 'block_ptr',
              'pointer', 'pointer', 'block_ptr'],
 'load_eviction_policies': ['first', '', '', 'last', '', '', '', ''],
 'num_stages': 3,
 'num_warps': 32,
 'pid_type': 'flat',
 'range_flattens': [None],
 'range_multi_buffers': [None],
 'range_num_stages': [0],
 'range_unroll_factors': [0],
 'range_warp_specializes': [],
 'reduction_loops': [None]}
