[0s] Starting LFBOTreeSearch with initial_population=FROM_BEST_AVAILABLE, copies=2, max_generations=5, similarity_penalty=1.0
[0s] Starting with default config
[0s] Initial population: 2 total
[5s] Adaptive compile timeout: 30s (90% percentile=0.7s, bounds=[30.0s, 60s])
[5s] Initial random population of 2, 2 starting points: 
ok=2
min=0.1014
mid=0.1341
max=0.1341
best={'atomic_indexing': [],
 'block_sizes': [32, 64],
 'indexing': ['pointer', 'pointer', 'pointer', 'pointer'],
 'l2_groupings': [1],
 'load_eviction_policies': ['', '', ''],
 'loop_orders': [[1, 0]],
 'num_stages': 1,
 'num_warps': 32,
 'pid_type': 'flat',
 'range_flattens': [None],
 'range_multi_buffers': [None],
 'range_num_stages': [0],
 'range_unroll_factors': [0],
 'range_warp_specializes': []}
[5s] Fitting surrogate: 2 points, 2 targets
[6s] Generation 1 starting: 17 neighbors, 2 active search path(s)
[8s] Generation 1 complete: 
ok=19
min=0.1014
mid=0.1096
max=0.1157
best={'atomic_indexing': [],
 'block_sizes': [32, 64],
 'indexing': ['pointer', 'pointer', 'pointer', 'pointer'],
 'l2_groupings': [1],
 'load_eviction_policies': ['', '', ''],
 'loop_orders': [[1, 0]],
 'num_stages': 1,
 'num_warps': 32,
 'pid_type': 'flat',
 'range_flattens': [None],
 'range_multi_buffers': [None],
 'range_num_stages': [0],
 'range_unroll_factors': [0],
 'range_warp_specializes': []}
[8s] Fitting surrogate: 20 points, 20 targets
[8s] Generation 2 starting: 14 neighbors, 2 active search path(s)
[10s] Generation 2 complete: 
ok=16
min=0.1014
mid=0.1085
max=0.1178
best={'atomic_indexing': [],
 'block_sizes': [32, 64],
 'indexing': ['pointer', 'pointer', 'pointer', 'pointer'],
 'l2_groupings': [1],
 'load_eviction_policies': ['', '', ''],
 'loop_orders': [[1, 0]],
 'num_stages': 1,
 'num_warps': 32,
 'pid_type': 'flat',
 'range_flattens': [None],
 'range_multi_buffers': [None],
 'range_num_stages': [0],
 'range_unroll_factors': [0],
 'range_warp_specializes': []}
[10s] Fitting surrogate: 35 points, 35 targets
[10s] Copy 0 finish because of no improvement
[10s] Generation 3 starting: 8 neighbors, 1 active search path(s)
[11s] Generation 3 complete: 
ok=10
min=0.1014
mid=0.1014
max=0.1188
best={'atomic_indexing': [],
 'block_sizes': [32, 64],
 'indexing': ['pointer', 'pointer', 'pointer', 'pointer'],
 'l2_groupings': [1],
 'load_eviction_policies': ['', '', ''],
 'loop_orders': [[1, 0]],
 'num_stages': 1,
 'num_warps': 32,
 'pid_type': 'flat',
 'range_flattens': [None],
 'range_multi_buffers': [None],
 'range_num_stages': [0],
 'range_unroll_factors': [0],
 'range_warp_specializes': []}
[11s] Fitting surrogate: 43 points, 43 targets
[11s] Generation 4 starting: 10 neighbors, 1 active search path(s)
[13s] Generation 4 complete: 
ok=12
min=0.1014
mid=0.1167
max=0.1731
best={'atomic_indexing': [],
 'block_sizes': [32, 64],
 'indexing': ['pointer', 'pointer', 'pointer', 'pointer'],
 'l2_groupings': [1],
 'load_eviction_policies': ['', '', ''],
 'loop_orders': [[1, 0]],
 'num_stages': 1,
 'num_warps': 32,
 'pid_type': 'flat',
 'range_flattens': [None],
 'range_multi_buffers': [None],
 'range_num_stages': [0],
 'range_unroll_factors': [0],
 'range_warp_specializes': []}
[13s] Fitting surrogate: 54 points, 54 targets
[13s] Copy 1 finish because of no improvement
[13s] Autotuning stop at generation 5 because of no active search path
