[0s] Starting LFBOTreeSearch with initial_population=FROM_BEST_AVAILABLE, copies=2, max_generations=5, similarity_penalty=1.0
[0s] Starting with default config
[0s] Initial population: 2 total
[5s] Adaptive compile timeout: 30s (90% percentile=0.3s, bounds=[30.0s, 30s])
[5s] Initial random population of 2, 2 starting points: 
ok=2
min=0.3103
mid=0.4096
max=0.4096
best={'atomic_indexing': [],
 'block_sizes': [64, 512],
 'indexing': ['pointer', 'pointer', 'pointer'],
 'l2_groupings': [2],
 'load_eviction_policies': ['', ''],
 'loop_orders': [[0, 1]],
 'num_stages': 1,
 'num_warps': 8,
 'pid_type': 'flat',
 'range_flattens': [None],
 'range_multi_buffers': [None],
 'range_num_stages': [0],
 'range_unroll_factors': [0],
 'range_warp_specializes': []}
[5s] Fitting surrogate: 2 points, 2 targets
[5s] Generation 1 starting: 19 neighbors, 2 active search path(s)
[36s] Timeout after 30s compiling Config(atomic_indexing=[], block_sizes=[64, 2048], indexing=['pointer', 'pointer', 'pointer'], l2_groupings=[2], load_eviction_policies=['', ''], loop_orders=[[0, 1]], num_stages=1, num_warps=2, pid_type='flat', range_flattens=[None], range_multi_buffers=[None], range_num_stages=[0], range_unroll_factors=[0], range_warp_specializes=[])
[37s] Generation 1 complete: 
timeout=1
ok=20
min=0.3082
mid=0.3492
max=0.4557
best={'atomic_indexing': [],
 'block_sizes': [64, 1024],
 'indexing': ['pointer', 'pointer', 'pointer'],
 'l2_groupings': [2],
 'load_eviction_policies': ['', ''],
 'loop_orders': [[0, 1]],
 'num_stages': 1,
 'num_warps': 32,
 'pid_type': 'flat',
 'range_flattens': [None],
 'range_multi_buffers': [None],
 'range_num_stages': [0],
 'range_unroll_factors': [0],
 'range_warp_specializes': []}
[37s] Fitting surrogate: 21 points, 21 targets
[37s] Generation 2 starting: 18 neighbors, 2 active search path(s)
[52s] Autotune budget 45s exceeded (elapsed 52.2s); returning best-so-far.
[52s] Generation 2 complete: 
error=19
ok=1
min=0.3082
mid=0.3082
max=0.3082
best={'atomic_indexing': [],
 'block_sizes': [64, 1024],
 'indexing': ['pointer', 'pointer', 'pointer'],
 'l2_groupings': [2],
 'load_eviction_policies': ['', ''],
 'loop_orders': [[0, 1]],
 'num_stages': 1,
 'num_warps': 32,
 'pid_type': 'flat',
 'range_flattens': [None],
 'range_multi_buffers': [None],
 'range_num_stages': [0],
 'range_unroll_factors': [0],
 'range_warp_specializes': []}
[52s] Fitting surrogate: 40 points, 40 targets
[52s] Autotune budget 45s exceeded (elapsed 52.3s); returning best-so-far.
