[0s] Starting LFBOTreeSearch with initial_population=FROM_BEST_AVAILABLE, copies=2, max_generations=5, similarity_penalty=1.0
[0s] Starting with default config
[0s] Initial population: 1 total
[5s] Adaptive compile timeout: 30s (90% percentile=0.1s, bounds=[30.0s, 60s])
[5s] Initial random population of 1, 1 starting points: 
ok=1
min=0.4096
mid=0.4096
max=0.4096
best={'atomic_indexing': [],
 'block_sizes': [32, 32],
 'indexing': ['pointer', 'pointer', 'pointer'],
 'l2_groupings': [1],
 'load_eviction_policies': ['', ''],
 'loop_orders': [[0, 1]],
 'num_stages': 1,
 'num_warps': 4,
 'pid_type': 'flat',
 'range_flattens': [None],
 'range_multi_buffers': [None],
 'range_num_stages': [0],
 'range_unroll_factors': [0],
 'range_warp_specializes': []}
[5s] All labels are identical, skip training surrogate.
[5s] Generation 1 starting: 8 neighbors, 1 active search path(s)
[6s] Generation 1 complete: 
ok=10
min=0.3133
mid=0.3645
max=0.4188
best={'atomic_indexing': [],
 'block_sizes': [64, 128],
 'indexing': ['pointer', 'pointer', 'pointer'],
 'l2_groupings': [2],
 'load_eviction_policies': ['', ''],
 'loop_orders': [[0, 1]],
 'num_stages': 1,
 'num_warps': 1,
 'pid_type': 'flat',
 'range_flattens': [None],
 'range_multi_buffers': [None],
 'range_num_stages': [0],
 'range_unroll_factors': [0],
 'range_warp_specializes': []}
[6s] Fitting surrogate: 10 points, 10 targets
[6s] Generation 2 starting: 8 neighbors, 1 active search path(s)
[11s] Generation 2 complete: 
ok=9
min=0.3113
mid=0.3267
max=3.0802
best={'atomic_indexing': [],
 'block_sizes': [64, 512],
 'indexing': ['pointer', 'pointer', 'pointer'],
 'l2_groupings': [2],
 'load_eviction_policies': ['', ''],
 'loop_orders': [[0, 1]],
 'num_stages': 1,
 'num_warps': 4,
 'pid_type': 'flat',
 'range_flattens': [None],
 'range_multi_buffers': [None],
 'range_num_stages': [0],
 'range_unroll_factors': [0],
 'range_warp_specializes': []}
[11s] Fitting surrogate: 18 points, 18 targets
[12s] Generation 3 starting: 11 neighbors, 1 active search path(s)
[36s] Generation 3 complete: 
ok=12
min=0.3113
mid=0.3174
max=4.5527
best={'atomic_indexing': [],
 'block_sizes': [64, 512],
 'indexing': ['pointer', 'pointer', 'pointer'],
 'l2_groupings': [2],
 'load_eviction_policies': ['', ''],
 'loop_orders': [[0, 1]],
 'num_stages': 1,
 'num_warps': 8,
 'pid_type': 'flat',
 'range_flattens': [None],
 'range_multi_buffers': [None],
 'range_num_stages': [0],
 'range_unroll_factors': [0],
 'range_warp_specializes': []}
[36s] Fitting surrogate: 29 points, 29 targets
[36s] Generation 4 starting: 11 neighbors, 1 active search path(s)
[52s] Autotune budget 45s exceeded (elapsed 52.8s); returning best-so-far.
[52s] Generation 4 complete: 
error=11
ok=1
min=0.3113
mid=0.3113
max=0.3113
best={'atomic_indexing': [],
 'block_sizes': [64, 512],
 'indexing': ['pointer', 'pointer', 'pointer'],
 'l2_groupings': [2],
 'load_eviction_policies': ['', ''],
 'loop_orders': [[0, 1]],
 'num_stages': 1,
 'num_warps': 8,
 'pid_type': 'flat',
 'range_flattens': [None],
 'range_multi_buffers': [None],
 'range_num_stages': [0],
 'range_unroll_factors': [0],
 'range_warp_specializes': []}
[52s] Fitting surrogate: 40 points, 40 targets
[52s] Autotune budget 45s exceeded (elapsed 52.9s); returning best-so-far.
